2022-07-16 08:58:57 - Detecção pausada
2022-07-15 20:43:30 - Detecção iniciada.


2022-07-15 08:35:53 - Detecção pausada
2022-07-15 05:37:08 - Choro parou.
2022-07-15 05:36:29 - Choro detectado. Sem notif.
2022-07-15 05:29:36 - Choro parou.
2022-07-15 05:29:22 - Choro detectado. Sem notif.
2022-07-15 05:00:11 - Choro parou.
2022-07-15 04:58:52 - Choro detectado. Sem notif.
2022-07-15 04:58:47 - Choro parou.
2022-07-15 04:57:11 - Choro detectado. Sem notif.
2022-07-15 04:56:44 - Choro parou.
2022-07-15 04:55:52 - Choro detectado. Sem notif.
2022-07-15 04:55:48 - Choro parou.
2022-07-15 04:54:50 - Choro detectado. Sem notif.
2022-07-15 04:53:44 - Choro parou.
2022-07-15 04:53:25 - Choro detectado. Sem notif.
2022-07-15 04:52:53 - Choro parou.
2022-07-15 04:52:40 - Choro detectado. Sem notif.
2022-07-15 04:52:06 - Choro parou.
2022-07-15 04:49:21 - Choro detectado. Sem notif.
2022-07-15 04:48:36 - Choro parou.
2022-07-14 23:58:50 - Choro detectado. Sem notif.
2022-07-14 23:58:01 - Detecção iniciada.
2022-07-14 18:19:49 - Detecção pausada
2022-07-14 18:19:37 - Detecção iniciada.
2022-07-14 18:19:30 - Detecção pausada
2022-07-14 18:19:14 - Detecção iniciada.
2022-07-14 16:02:54 - Detecção pausada
2022-07-14 16:02:11 - Detecção iniciada.
2022-07-14 10:33:59 - Detecção pausada
2022-07-14 10:33:55 - Choro parou.
2022-07-14 10:33:41 - Choro detectado. Sem notif.
2022-07-14 10:33:19 - Choro parou.
2022-07-14 10:33:06 - Choro detectado. Ligando para 047 988044131!
2022-07-14 10:32:56 - Detecção iniciada.
2022-07-13 21:00:02 - Choro parou.
2022-07-13 20:59:50 - Choro detectado. Ligando para 047 988044131!
2022-07-13 20:23:16 - Choro detectado. Ligando para 047 988044131!
2022-07-13 20:19:50 - Choro parou.
2022-07-13 20:19:38 - Choro detectado. Ligando para 47988044131!
2022-07-13 20:18:16 - Choro parou.
2022-07-13 20:17:54 - Choro detectado. Ligando para 47988044131!
2022-07-13 20:17:32 - Primeira execução.

2022-07-15 17:03:12 - Detecção pausada
2022-07-15 13:58:30 - Detecção iniciada.

