2022-07-15 06:47:18 - Detecção pausada
2022-07-15 06:47:18 - Choro parou.
2022-07-15 06:47:03 - Choro detectado. Sem notif.
2022-07-15 06:46:54 - Choro parou.
2022-07-15 06:46:39 - Choro detectado. Sem notif.
2022-07-15 06:46:20 - Choro parou.
2022-07-15 06:45:59 - Choro detectado. Sem notif.
2022-07-15 01:51:52 - Choro parou.
2022-07-15 01:51:09 - Choro detectado. Sem notif.
2022-07-15 01:34:11 - Choro parou.
2022-07-15 01:33:32 - Choro detectado. Sem notif.
2022-07-15 01:33:28 - Choro parou.
2022-07-15 01:33:17 - Choro detectado. Sem notif.
2022-07-15 01:33:12 - Choro parou.
2022-07-15 01:33:01 - Choro detectado. Sem notif.
2022-07-14 21:51:13 - Choro parou.
2022-07-14 21:51:01 - Choro detectado. Sem notif.
2022-07-14 21:43:10 - Detecção iniciada.
2022-07-14 21:13:51 - Detecção pausada
2022-07-14 21:13:31 - Detecção iniciada.
2022-07-14 20:57:30 - Detecção pausada
2022-07-14 20:57:17 - Detecção iniciada.
2022-07-14 20:46:15 - Detecção pausada
2022-07-14 20:45:45 - Detecção iniciada.
2022-07-14 20:45:23 - Primeira execução.
